<?xml version="1.0" encoding="UTF-8"?>
<coverage generated="1554102796527" clover="3.2.0">
  <project timestamp="1554102796527" name="All files">
    <metrics statements="89" coveredstatements="52" conditionals="22" coveredconditionals="17" methods="14" coveredmethods="8" elements="125" coveredelements="77" complexity="0" loc="89" ncloc="89" packages="4" files="6" classes="6"/>
    <package name="client.src">
      <metrics statements="1" coveredstatements="0" conditionals="0" coveredconditionals="0" methods="0" coveredmethods="0"/>
      <file name="index.jsx" path="/Users/aku2nnya/Desktop/Coding/GitHub/carousel_module/client/src/index.jsx">
        <metrics statements="1" coveredstatements="0" conditionals="0" coveredconditionals="0" methods="0" coveredmethods="0"/>
        <line num="6" count="0" type="stmt"/>
      </file>
    </package>
    <package name="client.src.components">
      <metrics statements="7" coveredstatements="5" conditionals="0" coveredconditionals="0" methods="6" coveredmethods="4"/>
      <file name="Carousel.jsx" path="/Users/aku2nnya/Desktop/Coding/GitHub/carousel_module/client/src/components/Carousel.jsx">
        <metrics statements="7" coveredstatements="5" conditionals="0" coveredconditionals="0" methods="6" coveredmethods="4"/>
        <line num="7" count="1" type="stmt"/>
        <line num="8" count="1" type="stmt"/>
        <line num="14" count="1" type="stmt"/>
        <line num="18" count="1" type="stmt"/>
        <line num="22" count="0" type="stmt"/>
        <line num="25" count="0" type="stmt"/>
        <line num="31" count="1" type="stmt"/>
      </file>
    </package>
    <package name="database">
      <metrics statements="66" coveredstatements="47" conditionals="20" coveredconditionals="17" methods="5" coveredmethods="4"/>
      <file name="dbGenerator.js" path="/Users/aku2nnya/Desktop/Coding/GitHub/carousel_module/database/dbGenerator.js">
        <metrics statements="52" coveredstatements="47" conditionals="20" coveredconditionals="17" methods="4" coveredmethods="4"/>
        <line num="1" count="1" type="stmt"/>
        <line num="2" count="1" type="stmt"/>
        <line num="6" count="1" type="stmt"/>
        <line num="7" count="1947" type="stmt"/>
        <line num="8" count="1947" type="stmt"/>
        <line num="12" count="1" type="stmt"/>
        <line num="14" count="1345" type="stmt"/>
        <line num="16" count="1345" type="cond" truecount="1" falsecount="1"/>
        <line num="17" count="1345" type="stmt"/>
        <line num="19" count="0" type="stmt"/>
        <line num="21" count="0" type="cond" truecount="0" falsecount="2"/>
        <line num="22" count="0" type="stmt"/>
        <line num="26" count="0" type="stmt"/>
        <line num="27" count="0" type="stmt"/>
        <line num="33" count="1" type="stmt"/>
        <line num="35" count="600" type="stmt"/>
        <line num="37" count="600" type="stmt"/>
        <line num="39" count="600" type="stmt"/>
        <line num="40" count="600" type="stmt"/>
        <line num="42" count="1343" type="stmt"/>
        <line num="44" count="1343" type="stmt"/>
        <line num="46" count="1343" type="stmt"/>
        <line num="48" count="1343" type="stmt"/>
        <line num="50" count="1343" type="stmt"/>
        <line num="52" count="1343" type="stmt"/>
        <line num="54" count="1343" type="stmt"/>
        <line num="56" count="1343" type="stmt"/>
        <line num="61" count="1" type="stmt"/>
        <line num="63" count="1" type="stmt"/>
        <line num="65" count="1" type="stmt"/>
        <line num="67" count="100" type="stmt"/>
        <line num="69" count="100" type="stmt"/>
        <line num="71" count="100" type="stmt"/>
        <line num="74" count="100" type="stmt"/>
        <line num="77" count="100" type="stmt"/>
        <line num="80" count="100" type="cond" truecount="4" falsecount="0"/>
        <line num="82" count="25" type="stmt"/>
        <line num="85" count="100" type="cond" truecount="4" falsecount="0"/>
        <line num="87" count="25" type="stmt"/>
        <line num="90" count="100" type="cond" truecount="4" falsecount="0"/>
        <line num="92" count="25" type="stmt"/>
        <line num="95" count="100" type="cond" truecount="4" falsecount="0"/>
        <line num="97" count="25" type="stmt"/>
        <line num="101" count="100" type="stmt"/>
        <line num="104" count="100" type="stmt"/>
        <line num="107" count="100" type="stmt"/>
        <line num="109" count="100" type="stmt"/>
        <line num="112" count="1" type="stmt"/>
        <line num="116" count="1" type="stmt"/>
        <line num="117" count="1" type="stmt"/>
        <line num="118" count="1" type="stmt"/>
        <line num="119" count="1" type="stmt"/>
      </file>
      <file name="index.js" path="/Users/aku2nnya/Desktop/Coding/GitHub/carousel_module/database/index.js">
        <metrics statements="8" coveredstatements="0" conditionals="0" coveredconditionals="0" methods="0" coveredmethods="0"/>
        <line num="1" count="0" type="stmt"/>
        <line num="2" count="0" type="stmt"/>
        <line num="5" count="0" type="stmt"/>
        <line num="7" count="0" type="stmt"/>
        <line num="19" count="0" type="stmt"/>
        <line num="22" count="0" type="stmt"/>
        <line num="23" count="0" type="stmt"/>
        <line num="24" count="0" type="stmt"/>
      </file>
      <file name="seed.js" path="/Users/aku2nnya/Desktop/Coding/GitHub/carousel_module/database/seed.js">
        <metrics statements="6" coveredstatements="0" conditionals="0" coveredconditionals="0" methods="1" coveredmethods="0"/>
        <line num="1" count="0" type="stmt"/>
        <line num="2" count="0" type="stmt"/>
        <line num="5" count="0" type="stmt"/>
        <line num="6" count="0" type="stmt"/>
        <line num="9" count="0" type="stmt"/>
        <line num="12" count="0" type="stmt"/>
      </file>
    </package>
    <package name="server">
      <metrics statements="15" coveredstatements="0" conditionals="2" coveredconditionals="0" methods="3" coveredmethods="0"/>
      <file name="index.js" path="/Users/aku2nnya/Desktop/Coding/GitHub/carousel_module/server/index.js">
        <metrics statements="15" coveredstatements="0" conditionals="2" coveredconditionals="0" methods="3" coveredmethods="0"/>
        <line num="1" count="0" type="stmt"/>
        <line num="2" count="0" type="stmt"/>
        <line num="3" count="0" type="stmt"/>
        <line num="4" count="0" type="stmt"/>
        <line num="6" count="0" type="stmt"/>
        <line num="7" count="0" type="stmt"/>
        <line num="9" count="0" type="stmt"/>
        <line num="10" count="0" type="stmt"/>
        <line num="12" count="0" type="stmt"/>
        <line num="13" count="0" type="stmt"/>
        <line num="15" count="0" type="cond" truecount="0" falsecount="2"/>
        <line num="16" count="0" type="stmt"/>
        <line num="18" count="0" type="stmt"/>
        <line num="23" count="0" type="stmt"/>
        <line num="24" count="0" type="stmt"/>
      </file>
    </package>
  </project>
</coverage>
