{"/Users/aku2nnya/Desktop/Coding/GitHub/carousel_module/client/src/index.jsx": {"path":"/Users/aku2nnya/Desktop/Coding/GitHub/carousel_module/client/src/index.jsx","statementMap":{"0":{"start":{"line":6,"column":0},"end":{"line":6,"column":62}}},"fnMap":{},"branchMap":{},"s":{"0":0},"f":{},"b":{}}
,"/Users/aku2nnya/Desktop/Coding/GitHub/carousel_module/client/src/components/Carousel.jsx": {"path":"/Users/aku2nnya/Desktop/Coding/GitHub/carousel_module/client/src/components/Carousel.jsx","statementMap":{"0":{"start":{"line":7,"column":4},"end":{"line":7,"column":17}},"1":{"start":{"line":8,"column":4},"end":{"line":10,"column":6}},"2":{"start":{"line":14,"column":4},"end":{"line":14,"column":22}},"3":{"start":{"line":18,"column":4},"end":{"line":27,"column":6}},"4":{"start":{"line":22,"column":8},"end":{"line":22,"column":38}},"5":{"start":{"line":25,"column":8},"end":{"line":25,"column":51}},"6":{"start":{"line":31,"column":4},"end":{"line":33,"column":6}}},"fnMap":{"0":{"name":"(anonymous_0)","decl":{"start":{"line":6,"column":2},"end":{"line":6,"column":3}},"loc":{"start":{"line":6,"column":21},"end":{"line":11,"column":3}},"line":6},"1":{"name":"(anonymous_1)","decl":{"start":{"line":13,"column":2},"end":{"line":13,"column":3}},"loc":{"start":{"line":13,"column":22},"end":{"line":15,"column":3}},"line":13},"2":{"name":"(anonymous_2)","decl":{"start":{"line":17,"column":2},"end":{"line":17,"column":3}},"loc":{"start":{"line":17,"column":15},"end":{"line":28,"column":3}},"line":17},"3":{"name":"(anonymous_3)","decl":{"start":{"line":21,"column":13},"end":{"line":21,"column":14}},"loc":{"start":{"line":21,"column":22},"end":{"line":23,"column":7}},"line":21},"4":{"name":"(anonymous_4)","decl":{"start":{"line":24,"column":15},"end":{"line":24,"column":16}},"loc":{"start":{"line":24,"column":33},"end":{"line":26,"column":7}},"line":24},"5":{"name":"(anonymous_5)","decl":{"start":{"line":30,"column":2},"end":{"line":30,"column":3}},"loc":{"start":{"line":30,"column":11},"end":{"line":34,"column":3}},"line":30}},"branchMap":{},"s":{"0":1,"1":1,"2":1,"3":1,"4":0,"5":0,"6":1},"f":{"0":1,"1":1,"2":1,"3":0,"4":0,"5":1},"b":{},"_coverageSchema":"43e27e138ebf9cfc5966b082cf9a028302ed4184","hash":"c8e01250fbebe5b21f31b3187cd34dbbe71446b1"}
,"/Users/aku2nnya/Desktop/Coding/GitHub/carousel_module/database/dbGenerator.js": {"path":"/Users/aku2nnya/Desktop/Coding/GitHub/carousel_module/database/dbGenerator.js","statementMap":{"0":{"start":{"line":1,"column":14},"end":{"line":1,"column":30}},"1":{"start":{"line":2,"column":18},"end":{"line":2,"column":40}},"2":{"start":{"line":6,"column":21},"end":{"line":9,"column":1}},"3":{"start":{"line":7,"column":14},"end":{"line":7,"column":63}},"4":{"start":{"line":8,"column":2},"end":{"line":8,"column":13}},"5":{"start":{"line":12,"column":17},"end":{"line":30,"column":1}},"6":{"start":{"line":14,"column":23},"end":{"line":14,"column":62}},"7":{"start":{"line":16,"column":2},"end":{"line":18,"column":3}},"8":{"start":{"line":17,"column":4},"end":{"line":17,"column":24}},"9":{"start":{"line":19,"column":2},"end":{"line":29,"column":3}},"10":{"start":{"line":19,"column":15},"end":{"line":19,"column":16}},"11":{"start":{"line":21,"column":4},"end":{"line":28,"column":5}},"12":{"start":{"line":22,"column":6},"end":{"line":22,"column":28}},"13":{"start":{"line":26,"column":6},"end":{"line":26,"column":36}},"14":{"start":{"line":27,"column":6},"end":{"line":27,"column":26}},"15":{"start":{"line":33,"column":26},"end":{"line":58,"column":1}},"16":{"start":{"line":35,"column":17},"end":{"line":35,"column":19}},"17":{"start":{"line":37,"column":20},"end":{"line":37,"column":58}},"18":{"start":{"line":39,"column":14},"end":{"line":39,"column":15}},"19":{"start":{"line":40,"column":2},"end":{"line":57,"column":3}},"20":{"start":{"line":42,"column":27},"end":{"line":42,"column":29}},"21":{"start":{"line":44,"column":29},"end":{"line":44,"column":79}},"22":{"start":{"line":46,"column":21},"end":{"line":46,"column":49}},"23":{"start":{"line":48,"column":4},"end":{"line":48,"column":33}},"24":{"start":{"line":50,"column":4},"end":{"line":50,"column":43}},"25":{"start":{"line":52,"column":4},"end":{"line":52,"column":44}},"26":{"start":{"line":54,"column":4},"end":{"line":54,"column":18}},"27":{"start":{"line":56,"column":4},"end":{"line":56,"column":15}},"28":{"start":{"line":61,"column":20},"end":{"line":113,"column":1}},"29":{"start":{"line":63,"column":13},"end":{"line":63,"column":15}},"30":{"start":{"line":65,"column":2},"end":{"line":110,"column":3}},"31":{"start":{"line":65,"column":15},"end":{"line":65,"column":16}},"32":{"start":{"line":67,"column":19},"end":{"line":67,"column":21}},"33":{"start":{"line":69,"column":4},"end":{"line":69,"column":18}},"34":{"start":{"line":71,"column":4},"end":{"line":71,"column":34}},"35":{"start":{"line":74,"column":4},"end":{"line":74,"column":80}},"36":{"start":{"line":77,"column":4},"end":{"line":77,"column":83}},"37":{"start":{"line":80,"column":4},"end":{"line":83,"column":5}},"38":{"start":{"line":82,"column":6},"end":{"line":82,"column":80}},"39":{"start":{"line":85,"column":4},"end":{"line":88,"column":5}},"40":{"start":{"line":87,"column":6},"end":{"line":87,"column":80}},"41":{"start":{"line":90,"column":4},"end":{"line":93,"column":5}},"42":{"start":{"line":92,"column":6},"end":{"line":92,"column":77}},"43":{"start":{"line":95,"column":4},"end":{"line":98,"column":5}},"44":{"start":{"line":97,"column":6},"end":{"line":97,"column":84}},"45":{"start":{"line":101,"column":4},"end":{"line":101,"column":80}},"46":{"start":{"line":104,"column":4},"end":{"line":104,"column":81}},"47":{"start":{"line":107,"column":4},"end":{"line":107,"column":78}},"48":{"start":{"line":109,"column":4},"end":{"line":109,"column":20}},"49":{"start":{"line":112,"column":2},"end":{"line":112,"column":12}},"50":{"start":{"line":116,"column":0},"end":{"line":116,"column":41}},"51":{"start":{"line":117,"column":0},"end":{"line":117,"column":43}},"52":{"start":{"line":118,"column":0},"end":{"line":118,"column":35}},"53":{"start":{"line":119,"column":0},"end":{"line":119,"column":53}}},"fnMap":{"0":{"name":"(anonymous_0)","decl":{"start":{"line":6,"column":21},"end":{"line":6,"column":22}},"loc":{"start":{"line":6,"column":35},"end":{"line":9,"column":1}},"line":6},"1":{"name":"(anonymous_1)","decl":{"start":{"line":12,"column":17},"end":{"line":12,"column":18}},"loc":{"start":{"line":12,"column":50},"end":{"line":30,"column":1}},"line":12},"2":{"name":"(anonymous_2)","decl":{"start":{"line":33,"column":26},"end":{"line":33,"column":27}},"loc":{"start":{"line":33,"column":88},"end":{"line":58,"column":1}},"line":33},"3":{"name":"(anonymous_3)","decl":{"start":{"line":61,"column":20},"end":{"line":61,"column":21}},"loc":{"start":{"line":61,"column":26},"end":{"line":113,"column":1}},"line":61}},"branchMap":{"0":{"loc":{"start":{"line":16,"column":2},"end":{"line":18,"column":3}},"type":"if","locations":[{"start":{"line":16,"column":2},"end":{"line":18,"column":3}},{"start":{"line":16,"column":2},"end":{"line":18,"column":3}}],"line":16},"1":{"loc":{"start":{"line":21,"column":4},"end":{"line":28,"column":5}},"type":"if","locations":[{"start":{"line":21,"column":4},"end":{"line":28,"column":5}},{"start":{"line":21,"column":4},"end":{"line":28,"column":5}}],"line":21},"2":{"loc":{"start":{"line":80,"column":4},"end":{"line":83,"column":5}},"type":"if","locations":[{"start":{"line":80,"column":4},"end":{"line":83,"column":5}},{"start":{"line":80,"column":4},"end":{"line":83,"column":5}}],"line":80},"3":{"loc":{"start":{"line":80,"column":8},"end":{"line":80,"column":41}},"type":"binary-expr","locations":[{"start":{"line":80,"column":8},"end":{"line":80,"column":22}},{"start":{"line":80,"column":26},"end":{"line":80,"column":41}}],"line":80},"4":{"loc":{"start":{"line":85,"column":4},"end":{"line":88,"column":5}},"type":"if","locations":[{"start":{"line":85,"column":4},"end":{"line":88,"column":5}},{"start":{"line":85,"column":4},"end":{"line":88,"column":5}}],"line":85},"5":{"loc":{"start":{"line":85,"column":8},"end":{"line":85,"column":42}},"type":"binary-expr","locations":[{"start":{"line":85,"column":8},"end":{"line":85,"column":23}},{"start":{"line":85,"column":27},"end":{"line":85,"column":42}}],"line":85},"6":{"loc":{"start":{"line":90,"column":4},"end":{"line":93,"column":5}},"type":"if","locations":[{"start":{"line":90,"column":4},"end":{"line":93,"column":5}},{"start":{"line":90,"column":4},"end":{"line":93,"column":5}}],"line":90},"7":{"loc":{"start":{"line":90,"column":8},"end":{"line":90,"column":42}},"type":"binary-expr","locations":[{"start":{"line":90,"column":8},"end":{"line":90,"column":23}},{"start":{"line":90,"column":27},"end":{"line":90,"column":42}}],"line":90},"8":{"loc":{"start":{"line":95,"column":4},"end":{"line":98,"column":5}},"type":"if","locations":[{"start":{"line":95,"column":4},"end":{"line":98,"column":5}},{"start":{"line":95,"column":4},"end":{"line":98,"column":5}}],"line":95},"9":{"loc":{"start":{"line":95,"column":8},"end":{"line":95,"column":43}},"type":"binary-expr","locations":[{"start":{"line":95,"column":8},"end":{"line":95,"column":23}},{"start":{"line":95,"column":27},"end":{"line":95,"column":43}}],"line":95}},"s":{"0":1,"1":1,"2":1,"3":1947,"4":1947,"5":1,"6":1345,"7":1345,"8":1345,"9":0,"10":0,"11":0,"12":0,"13":0,"14":0,"15":1,"16":600,"17":600,"18":600,"19":600,"20":1343,"21":1343,"22":1343,"23":1343,"24":1343,"25":1343,"26":1343,"27":1343,"28":1,"29":1,"30":1,"31":1,"32":100,"33":100,"34":100,"35":100,"36":100,"37":100,"38":25,"39":100,"40":25,"41":100,"42":25,"43":100,"44":25,"45":100,"46":100,"47":100,"48":100,"49":1,"50":1,"51":1,"52":1,"53":1},"f":{"0":1947,"1":1345,"2":600,"3":1},"b":{"0":[1345,0],"1":[0,0],"2":[25,75],"3":[100,100],"4":[25,75],"5":[100,75],"6":[25,75],"7":[100,50],"8":[25,75],"9":[100,25]},"_coverageSchema":"43e27e138ebf9cfc5966b082cf9a028302ed4184","hash":"5cbd98e9f86432228635c79af16e121b1a097cee"}
,"/Users/aku2nnya/Desktop/Coding/GitHub/carousel_module/database/index.js": {"path":"/Users/aku2nnya/Desktop/Coding/GitHub/carousel_module/database/index.js","statementMap":{"0":{"start":{"line":1,"column":17},"end":{"line":1,"column":36}},"1":{"start":{"line":2,"column":20},"end":{"line":2,"column":44}},"2":{"start":{"line":5,"column":11},"end":{"line":5,"column":137}},"3":{"start":{"line":7,"column":32},"end":{"line":17,"column":2}},"4":{"start":{"line":19,"column":26},"end":{"line":19,"column":86}},"5":{"start":{"line":22,"column":0},"end":{"line":22,"column":53}},"6":{"start":{"line":23,"column":0},"end":{"line":23,"column":23}},"7":{"start":{"line":24,"column":0},"end":{"line":24,"column":65}}},"fnMap":{},"branchMap":{},"s":{"0":0,"1":0,"2":0,"3":0,"4":0,"5":0,"6":0,"7":0},"f":{},"b":{}}
,"/Users/aku2nnya/Desktop/Coding/GitHub/carousel_module/database/seed.js": {"path":"/Users/aku2nnya/Desktop/Coding/GitHub/carousel_module/database/seed.js","statementMap":{"0":{"start":{"line":1,"column":14},"end":{"line":1,"column":42}},"1":{"start":{"line":2,"column":20},"end":{"line":2,"column":54}},"2":{"start":{"line":5,"column":15},"end":{"line":7,"column":1}},"3":{"start":{"line":6,"column":2},"end":{"line":6,"column":60}},"4":{"start":{"line":9,"column":0},"end":{"line":9,"column":9}},"5":{"start":{"line":12,"column":0},"end":{"line":12,"column":31}}},"fnMap":{"0":{"name":"(anonymous_0)","decl":{"start":{"line":5,"column":15},"end":{"line":5,"column":16}},"loc":{"start":{"line":5,"column":21},"end":{"line":7,"column":1}},"line":5}},"branchMap":{},"s":{"0":0,"1":0,"2":0,"3":0,"4":0,"5":0},"f":{"0":0},"b":{}}
,"/Users/aku2nnya/Desktop/Coding/GitHub/carousel_module/server/index.js": {"path":"/Users/aku2nnya/Desktop/Coding/GitHub/carousel_module/server/index.js","statementMap":{"0":{"start":{"line":1,"column":16},"end":{"line":1,"column":34}},"1":{"start":{"line":2,"column":19},"end":{"line":2,"column":41}},"2":{"start":{"line":3,"column":13},"end":{"line":3,"column":28}},"3":{"start":{"line":4,"column":14},"end":{"line":4,"column":42}},"4":{"start":{"line":6,"column":12},"end":{"line":6,"column":21}},"5":{"start":{"line":7,"column":13},"end":{"line":7,"column":17}},"6":{"start":{"line":9,"column":0},"end":{"line":9,"column":27}},"7":{"start":{"line":10,"column":0},"end":{"line":10,"column":59}},"8":{"start":{"line":12,"column":0},"end":{"line":21,"column":3}},"9":{"start":{"line":13,"column":2},"end":{"line":20,"column":7}},"10":{"start":{"line":15,"column":6},"end":{"line":19,"column":7}},"11":{"start":{"line":16,"column":8},"end":{"line":16,"column":57}},"12":{"start":{"line":18,"column":8},"end":{"line":18,"column":39}},"13":{"start":{"line":23,"column":0},"end":{"line":25,"column":3}},"14":{"start":{"line":24,"column":2},"end":{"line":24,"column":43}}},"fnMap":{"0":{"name":"(anonymous_0)","decl":{"start":{"line":12,"column":34},"end":{"line":12,"column":35}},"loc":{"start":{"line":12,"column":48},"end":{"line":21,"column":1}},"line":12},"1":{"name":"(anonymous_1)","decl":{"start":{"line":14,"column":9},"end":{"line":14,"column":10}},"loc":{"start":{"line":14,"column":24},"end":{"line":20,"column":5}},"line":14},"2":{"name":"(anonymous_2)","decl":{"start":{"line":23,"column":17},"end":{"line":23,"column":18}},"loc":{"start":{"line":23,"column":23},"end":{"line":25,"column":1}},"line":23}},"branchMap":{"0":{"loc":{"start":{"line":15,"column":6},"end":{"line":19,"column":7}},"type":"if","locations":[{"start":{"line":15,"column":6},"end":{"line":19,"column":7}},{"start":{"line":15,"column":6},"end":{"line":19,"column":7}}],"line":15}},"s":{"0":0,"1":0,"2":0,"3":0,"4":0,"5":0,"6":0,"7":0,"8":0,"9":0,"10":0,"11":0,"12":0,"13":0,"14":0},"f":{"0":0,"1":0,"2":0},"b":{"0":[0,0]}}
}
