TN:
SF:/Users/aku2nnya/Desktop/Coding/GitHub/carousel_module/client/src/index.jsx
FNF:0
FNH:0
DA:6,1
LF:1
LH:1
BRF:0
BRH:0
end_of_record
TN:
SF:/Users/aku2nnya/Desktop/Coding/GitHub/carousel_module/client/src/components/carousel.jsx
FN:7,(anonymous_0)
FN:14,(anonymous_1)
FN:18,(anonymous_2)
FN:23,(anonymous_3)
FN:26,(anonymous_4)
FN:33,(anonymous_5)
FN:42,(anonymous_6)
FNF:7
FNH:4
FNDA:1,(anonymous_0)
FNDA:1,(anonymous_1)
FNDA:1,(anonymous_2)
FNDA:0,(anonymous_3)
FNDA:0,(anonymous_4)
FNDA:1,(anonymous_5)
FNDA:0,(anonymous_6)
DA:8,1
DA:9,1
DA:15,1
DA:19,1
DA:24,0
DA:27,0
DA:28,0
DA:34,1
DA:35,1
DA:36,1
DA:40,0
DA:43,0
LF:12
LH:7
BRDA:35,0,0,1
BRDA:35,0,1,0
BRF:2
BRH:1
end_of_record
TN:
SF:/Users/aku2nnya/Desktop/Coding/GitHub/carousel_module/database/dbGenerator.js
FN:7,(anonymous_0)
FN:26,(anonymous_1)
FN:54,(anonymous_2)
FNF:3
FNH:3
FNDA:2282,(anonymous_0)
FNDA:1800,(anonymous_1)
FNDA:3,(anonymous_2)
DA:1,2
DA:2,2
DA:3,2
DA:7,2
DA:9,2282
DA:11,2282
DA:12,2282
DA:14,0
DA:16,0
DA:17,0
DA:21,0
DA:22,0
DA:26,2
DA:28,1800
DA:30,1800
DA:32,1800
DA:33,1800
DA:35,2280
DA:37,2280
DA:39,2280
DA:41,2280
DA:43,2280
DA:45,2280
DA:47,2280
DA:49,2280
DA:54,2
DA:56,3
DA:58,3
DA:60,300
DA:62,300
DA:64,300
DA:67,300
DA:70,300
DA:73,300
DA:75,75
DA:78,300
DA:80,75
DA:83,300
DA:85,75
DA:88,300
DA:90,75
DA:94,300
DA:97,300
DA:100,300
DA:102,300
DA:105,3
DA:109,2
LF:47
LH:42
BRDA:11,0,0,2282
BRDA:11,0,1,0
BRDA:16,1,0,0
BRDA:16,1,1,0
BRDA:73,2,0,75
BRDA:73,2,1,225
BRDA:73,3,0,300
BRDA:73,3,1,300
BRDA:78,4,0,75
BRDA:78,4,1,225
BRDA:78,5,0,300
BRDA:78,5,1,225
BRDA:83,6,0,75
BRDA:83,6,1,225
BRDA:83,7,0,300
BRDA:83,7,1,150
BRDA:88,8,0,75
BRDA:88,8,1,225
BRDA:88,9,0,300
BRDA:88,9,1,75
BRF:20
BRH:17
end_of_record
TN:
SF:/Users/aku2nnya/Desktop/Coding/GitHub/carousel_module/database/index.js
FNF:0
FNH:0
DA:1,3
DA:2,3
DA:5,3
DA:7,3
DA:20,3
DA:23,3
LF:6
LH:6
BRF:0
BRH:0
end_of_record
TN:
SF:/Users/aku2nnya/Desktop/Coding/GitHub/carousel_module/database/seed.js
FN:5,(anonymous_0)
FNF:1
FNH:1
FNDA:2,(anonymous_0)
DA:1,1
DA:2,1
DA:5,1
DA:6,2
DA:9,1
DA:12,1
LF:6
LH:6
BRF:0
BRH:0
end_of_record
TN:
SF:/Users/aku2nnya/Desktop/Coding/GitHub/carousel_module/server/index.js
FN:13,(anonymous_0)
FN:15,(anonymous_1)
FN:39,(anonymous_2)
FNF:3
FNH:3
FNDA:1,(anonymous_0)
FNDA:1,(anonymous_1)
FNDA:1,(anonymous_2)
DA:1,1
DA:2,1
DA:3,1
DA:4,1
DA:7,1
DA:8,1
DA:10,1
DA:11,1
DA:13,1
DA:14,1
DA:16,1
DA:17,0
DA:19,1
DA:20,1
DA:39,1
DA:40,1
DA:44,1
LF:17
LH:16
BRDA:16,0,0,0
BRDA:16,0,1,1
BRF:2
BRH:1
end_of_record
