TN:
SF:/Users/aku2nnya/Desktop/Coding/GitHub/carousel_module/client/src/index.jsx
FNF:0
FNH:0
DA:6,0
LF:1
LH:0
BRF:0
BRH:0
end_of_record
TN:
SF:/Users/aku2nnya/Desktop/Coding/GitHub/carousel_module/client/src/components/Carousel.jsx
FN:6,(anonymous_0)
FN:13,(anonymous_1)
FN:17,(anonymous_2)
FN:21,(anonymous_3)
FN:24,(anonymous_4)
FN:30,(anonymous_5)
FNF:6
FNH:4
FNDA:1,(anonymous_0)
FNDA:1,(anonymous_1)
FNDA:1,(anonymous_2)
FNDA:0,(anonymous_3)
FNDA:0,(anonymous_4)
FNDA:1,(anonymous_5)
DA:7,1
DA:8,1
DA:14,1
DA:18,1
DA:22,0
DA:25,0
DA:31,1
LF:7
LH:5
BRF:0
BRH:0
end_of_record
TN:
SF:/Users/aku2nnya/Desktop/Coding/GitHub/carousel_module/database/dbGenerator.js
FN:6,(anonymous_0)
FN:12,(anonymous_1)
FN:33,(anonymous_2)
FN:61,(anonymous_3)
FNF:4
FNH:4
FNDA:1947,(anonymous_0)
FNDA:1345,(anonymous_1)
FNDA:600,(anonymous_2)
FNDA:1,(anonymous_3)
DA:1,1
DA:2,1
DA:6,1
DA:7,1947
DA:8,1947
DA:12,1
DA:14,1345
DA:16,1345
DA:17,1345
DA:19,0
DA:21,0
DA:22,0
DA:26,0
DA:27,0
DA:33,1
DA:35,600
DA:37,600
DA:39,600
DA:40,600
DA:42,1343
DA:44,1343
DA:46,1343
DA:48,1343
DA:50,1343
DA:52,1343
DA:54,1343
DA:56,1343
DA:61,1
DA:63,1
DA:65,1
DA:67,100
DA:69,100
DA:71,100
DA:74,100
DA:77,100
DA:80,100
DA:82,25
DA:85,100
DA:87,25
DA:90,100
DA:92,25
DA:95,100
DA:97,25
DA:101,100
DA:104,100
DA:107,100
DA:109,100
DA:112,1
DA:116,1
DA:117,1
DA:118,1
DA:119,1
LF:52
LH:47
BRDA:16,0,0,1345
BRDA:16,0,1,0
BRDA:21,1,0,0
BRDA:21,1,1,0
BRDA:80,2,0,25
BRDA:80,2,1,75
BRDA:80,3,0,100
BRDA:80,3,1,100
BRDA:85,4,0,25
BRDA:85,4,1,75
BRDA:85,5,0,100
BRDA:85,5,1,75
BRDA:90,6,0,25
BRDA:90,6,1,75
BRDA:90,7,0,100
BRDA:90,7,1,50
BRDA:95,8,0,25
BRDA:95,8,1,75
BRDA:95,9,0,100
BRDA:95,9,1,25
BRF:20
BRH:17
end_of_record
TN:
SF:/Users/aku2nnya/Desktop/Coding/GitHub/carousel_module/database/index.js
FNF:0
FNH:0
DA:1,0
DA:2,0
DA:5,0
DA:7,0
DA:19,0
DA:22,0
DA:23,0
DA:24,0
LF:8
LH:0
BRF:0
BRH:0
end_of_record
TN:
SF:/Users/aku2nnya/Desktop/Coding/GitHub/carousel_module/database/seed.js
FN:5,(anonymous_0)
FNF:1
FNH:0
FNDA:0,(anonymous_0)
DA:1,0
DA:2,0
DA:5,0
DA:6,0
DA:9,0
DA:12,0
LF:6
LH:0
BRF:0
BRH:0
end_of_record
TN:
SF:/Users/aku2nnya/Desktop/Coding/GitHub/carousel_module/server/index.js
FN:12,(anonymous_0)
FN:14,(anonymous_1)
FN:23,(anonymous_2)
FNF:3
FNH:0
FNDA:0,(anonymous_0)
FNDA:0,(anonymous_1)
FNDA:0,(anonymous_2)
DA:1,0
DA:2,0
DA:3,0
DA:4,0
DA:6,0
DA:7,0
DA:9,0
DA:10,0
DA:12,0
DA:13,0
DA:15,0
DA:16,0
DA:18,0
DA:23,0
DA:24,0
LF:15
LH:0
BRDA:15,0,0,0
BRDA:15,0,1,0
BRF:2
BRH:0
end_of_record
